Classic Timing Analyzer report for decoder_3_to_8
Tue Oct 30 23:19:10 2018
Quartus II Version 9.0 Build 184 04/29/2009 Service Pack 1 SJ Web Edition


---------------------
; Table of Contents ;
---------------------
  1. Legal Notice
  2. Timing Analyzer Summary
  3. Timing Analyzer Settings
  4. Parallel Compilation
  5. tpd
  6. Timing Analyzer Messages



----------------
; Legal Notice ;
----------------
Copyright (C) 1991-2009 Altera Corporation
Your use of Altera Corporation's design tools, logic functions 
and other software and tools, and its AMPP partner logic 
functions, and any output files from any of the foregoing 
(including device programming or simulation files), and any 
associated documentation or information are expressly subject 
to the terms and conditions of the Altera Program License 
Subscription Agreement, Altera MegaCore Function License 
Agreement, or other applicable license agreement, including, 
without limitation, that your use is for the sole purpose of 
programming logic devices manufactured by Altera and sold by 
Altera or its authorized distributors.  Please refer to the 
applicable agreement for further details.



+-----------------------------------------------------------------------------------------------------------------------+
; Timing Analyzer Summary                                                                                               ;
+------------------------------+-------+---------------+-------------+------+----+------------+----------+--------------+
; Type                         ; Slack ; Required Time ; Actual Time ; From ; To ; From Clock ; To Clock ; Failed Paths ;
+------------------------------+-------+---------------+-------------+------+----+------------+----------+--------------+
; Worst-case tpd               ; N/A   ; None          ; 12.472 ns   ; a1   ; d6 ; --         ; --       ; 0            ;
; Total number of failed paths ;       ;               ;             ;      ;    ;            ;          ; 0            ;
+------------------------------+-------+---------------+-------------+------+----+------------+----------+--------------+


+--------------------------------------------------------------------------------------------------------------------+
; Timing Analyzer Settings                                                                                           ;
+---------------------------------------------------------------------+--------------------+------+----+-------------+
; Option                                                              ; Setting            ; From ; To ; Entity Name ;
+---------------------------------------------------------------------+--------------------+------+----+-------------+
; Device Name                                                         ; EP1C3T144C8        ;      ;    ;             ;
; Timing Models                                                       ; Final              ;      ;    ;             ;
; Default hold multicycle                                             ; Same as Multicycle ;      ;    ;             ;
; Cut paths between unrelated clock domains                           ; On                 ;      ;    ;             ;
; Cut off read during write signal paths                              ; On                 ;      ;    ;             ;
; Cut off feedback from I/O pins                                      ; On                 ;      ;    ;             ;
; Report Combined Fast/Slow Timing                                    ; Off                ;      ;    ;             ;
; Ignore Clock Settings                                               ; Off                ;      ;    ;             ;
; Analyze latches as synchronous elements                             ; On                 ;      ;    ;             ;
; Enable Recovery/Removal analysis                                    ; Off                ;      ;    ;             ;
; Enable Clock Latency                                                ; Off                ;      ;    ;             ;
; Use TimeQuest Timing Analyzer                                       ; Off                ;      ;    ;             ;
; Minimum Core Junction Temperature                                   ; 0                  ;      ;    ;             ;
; Maximum Core Junction Temperature                                   ; 85                 ;      ;    ;             ;
; Number of source nodes to report per destination node               ; 10                 ;      ;    ;             ;
; Number of destination nodes to report                               ; 10                 ;      ;    ;             ;
; Number of paths to report                                           ; 200                ;      ;    ;             ;
; Report Minimum Timing Checks                                        ; Off                ;      ;    ;             ;
; Use Fast Timing Models                                              ; Off                ;      ;    ;             ;
; Report IO Paths Separately                                          ; Off                ;      ;    ;             ;
; Perform Multicorner Analysis                                        ; Off                ;      ;    ;             ;
; Reports the worst-case path for each clock domain and analysis      ; Off                ;      ;    ;             ;
; Removes common clock path pessimism (CCPP) during slack computation ; Off                ;      ;    ;             ;
; Output I/O Timing Endpoint                                          ; Near End           ;      ;    ;             ;
+---------------------------------------------------------------------+--------------------+------+----+-------------+


Parallel compilation was disabled, but you have multiple processors available. Enable parallel compilation to reduce compilation time.
+-------------------------------------+
; Parallel Compilation                ;
+----------------------------+--------+
; Processors                 ; Number ;
+----------------------------+--------+
; Number detected on machine ; 2      ;
; Maximum allowed            ; 1      ;
+----------------------------+--------+


+---------------------------------------------------------+
; tpd                                                     ;
+-------+-------------------+-----------------+------+----+
; Slack ; Required P2P Time ; Actual P2P Time ; From ; To ;
+-------+-------------------+-----------------+------+----+
; N/A   ; None              ; 12.472 ns       ; a1   ; d6 ;
; N/A   ; None              ; 12.190 ns       ; a0   ; d6 ;
; N/A   ; None              ; 11.774 ns       ; a1   ; d7 ;
; N/A   ; None              ; 11.684 ns       ; a1   ; d2 ;
; N/A   ; None              ; 11.635 ns       ; a1   ; d3 ;
; N/A   ; None              ; 11.583 ns       ; a2   ; d6 ;
; N/A   ; None              ; 11.535 ns       ; a1   ; d4 ;
; N/A   ; None              ; 11.493 ns       ; a0   ; d7 ;
; N/A   ; None              ; 11.404 ns       ; a0   ; d2 ;
; N/A   ; None              ; 11.353 ns       ; a0   ; d3 ;
; N/A   ; None              ; 11.250 ns       ; a0   ; d4 ;
; N/A   ; None              ; 11.218 ns       ; a1   ; d5 ;
; N/A   ; None              ; 11.186 ns       ; a1   ; d1 ;
; N/A   ; None              ; 11.185 ns       ; a1   ; d0 ;
; N/A   ; None              ; 10.941 ns       ; a0   ; d5 ;
; N/A   ; None              ; 10.910 ns       ; a0   ; d1 ;
; N/A   ; None              ; 10.899 ns       ; a0   ; d0 ;
; N/A   ; None              ; 10.882 ns       ; a2   ; d7 ;
; N/A   ; None              ; 10.805 ns       ; a2   ; d2 ;
; N/A   ; None              ; 10.750 ns       ; a2   ; d3 ;
; N/A   ; None              ; 10.655 ns       ; a2   ; d4 ;
; N/A   ; None              ; 10.330 ns       ; a2   ; d5 ;
; N/A   ; None              ; 10.305 ns       ; a2   ; d0 ;
; N/A   ; None              ; 10.299 ns       ; a2   ; d1 ;
+-------+-------------------+-----------------+------+----+


+--------------------------+
; Timing Analyzer Messages ;
+--------------------------+
Info: *******************************************************************
Info: Running Quartus II Classic Timing Analyzer
    Info: Version 9.0 Build 184 04/29/2009 Service Pack 1 SJ Web Edition
    Info: Processing started: Tue Oct 30 23:19:10 2018
Info: Command: quartus_tan --read_settings_files=off --write_settings_files=off decoder_3_to_8 -c decoder_3_to_8 --timing_analysis_only
Info: Longest tpd from source pin "a1" to destination pin "d6" is 12.472 ns
    Info: 1: + IC(0.000 ns) + CELL(1.469 ns) = 1.469 ns; Loc. = PIN_26; Fanout = 8; PIN Node = 'a1'
    Info: 2: + IC(5.955 ns) + CELL(0.292 ns) = 7.716 ns; Loc. = LC_X2_Y10_N9; Fanout = 1; COMB Node = 'd6~1'
    Info: 3: + IC(2.648 ns) + CELL(2.108 ns) = 12.472 ns; Loc. = PIN_48; Fanout = 0; PIN Node = 'd6'
    Info: Total cell delay = 3.869 ns ( 31.02 % )
    Info: Total interconnect delay = 8.603 ns ( 68.98 % )
Info: Quartus II Classic Timing Analyzer was successful. 0 errors, 0 warnings
    Info: Peak virtual memory: 211 megabytes
    Info: Processing ended: Tue Oct 30 23:19:11 2018
    Info: Elapsed time: 00:00:01
    Info: Total CPU time (on all processors): 00:00:00


