Classic Timing Analyzer report for decoder_3_8
Tue Nov 06 00:08:15 2018
Quartus II Version 9.0 Build 235 06/17/2009 Service Pack 2 SJ Web Edition


---------------------
; Table of Contents ;
---------------------
  1. Legal Notice
  2. Timing Analyzer Summary
  3. Timing Analyzer Settings
  4. Parallel Compilation
  5. tpd
  6. Timing Analyzer Messages



----------------
; Legal Notice ;
----------------
Copyright (C) 1991-2009 Altera Corporation
Your use of Altera Corporation's design tools, logic functions 
and other software and tools, and its AMPP partner logic 
functions, and any output files from any of the foregoing 
(including device programming or simulation files), and any 
associated documentation or information are expressly subject 
to the terms and conditions of the Altera Program License 
Subscription Agreement, Altera MegaCore Function License 
Agreement, or other applicable license agreement, including, 
without limitation, that your use is for the sole purpose of 
programming logic devices manufactured by Altera and sold by 
Altera or its authorized distributors.  Please refer to the 
applicable agreement for further details.



+-------------------------------------------------------------------------------------------------------------------------+
; Timing Analyzer Summary                                                                                                 ;
+------------------------------+-------+---------------+-------------+------+------+------------+----------+--------------+
; Type                         ; Slack ; Required Time ; Actual Time ; From ; To   ; From Clock ; To Clock ; Failed Paths ;
+------------------------------+-------+---------------+-------------+------+------+------------+----------+--------------+
; Worst-case tpd               ; N/A   ; None          ; 9.713 ns    ; a[0] ; y[4] ; --         ; --       ; 0            ;
; Total number of failed paths ;       ;               ;             ;      ;      ;            ;          ; 0            ;
+------------------------------+-------+---------------+-------------+------+------+------------+----------+--------------+


+--------------------------------------------------------------------------------------------------------------------+
; Timing Analyzer Settings                                                                                           ;
+---------------------------------------------------------------------+--------------------+------+----+-------------+
; Option                                                              ; Setting            ; From ; To ; Entity Name ;
+---------------------------------------------------------------------+--------------------+------+----+-------------+
; Device Name                                                         ; EP2S15F484C3       ;      ;    ;             ;
; Timing Models                                                       ; Final              ;      ;    ;             ;
; Default hold multicycle                                             ; Same as Multicycle ;      ;    ;             ;
; Cut paths between unrelated clock domains                           ; On                 ;      ;    ;             ;
; Cut off read during write signal paths                              ; On                 ;      ;    ;             ;
; Cut off feedback from I/O pins                                      ; On                 ;      ;    ;             ;
; Report Combined Fast/Slow Timing                                    ; Off                ;      ;    ;             ;
; Ignore Clock Settings                                               ; Off                ;      ;    ;             ;
; Analyze latches as synchronous elements                             ; On                 ;      ;    ;             ;
; Enable Recovery/Removal analysis                                    ; Off                ;      ;    ;             ;
; Enable Clock Latency                                                ; Off                ;      ;    ;             ;
; Use TimeQuest Timing Analyzer                                       ; Off                ;      ;    ;             ;
; Number of source nodes to report per destination node               ; 10                 ;      ;    ;             ;
; Number of destination nodes to report                               ; 10                 ;      ;    ;             ;
; Number of paths to report                                           ; 200                ;      ;    ;             ;
; Report Minimum Timing Checks                                        ; Off                ;      ;    ;             ;
; Use Fast Timing Models                                              ; Off                ;      ;    ;             ;
; Report IO Paths Separately                                          ; Off                ;      ;    ;             ;
; Perform Multicorner Analysis                                        ; On                 ;      ;    ;             ;
; Reports the worst-case path for each clock domain and analysis      ; Off                ;      ;    ;             ;
; Removes common clock path pessimism (CCPP) during slack computation ; Off                ;      ;    ;             ;
; Output I/O Timing Endpoint                                          ; Near End           ;      ;    ;             ;
+---------------------------------------------------------------------+--------------------+------+----+-------------+


Parallel compilation was disabled, but you have multiple processors available. Enable parallel compilation to reduce compilation time.
+-------------------------------------+
; Parallel Compilation                ;
+----------------------------+--------+
; Processors                 ; Number ;
+----------------------------+--------+
; Number detected on machine ; 2      ;
; Maximum allowed            ; 1      ;
+----------------------------+--------+


+-----------------------------------------------------------+
; tpd                                                       ;
+-------+-------------------+-----------------+------+------+
; Slack ; Required P2P Time ; Actual P2P Time ; From ; To   ;
+-------+-------------------+-----------------+------+------+
; N/A   ; None              ; 9.713 ns        ; a[0] ; y[4] ;
; N/A   ; None              ; 9.646 ns        ; a[1] ; y[4] ;
; N/A   ; None              ; 9.624 ns        ; a[0] ; y[2] ;
; N/A   ; None              ; 9.575 ns        ; a[2] ; y[4] ;
; N/A   ; None              ; 9.488 ns        ; a[2] ; y[2] ;
; N/A   ; None              ; 9.428 ns        ; a[1] ; y[2] ;
; N/A   ; None              ; 9.279 ns        ; a[0] ; y[7] ;
; N/A   ; None              ; 9.223 ns        ; a[0] ; y[5] ;
; N/A   ; None              ; 9.212 ns        ; a[1] ; y[7] ;
; N/A   ; None              ; 9.157 ns        ; a[1] ; y[5] ;
; N/A   ; None              ; 9.141 ns        ; a[2] ; y[7] ;
; N/A   ; None              ; 9.086 ns        ; a[2] ; y[5] ;
; N/A   ; None              ; 9.080 ns        ; a[0] ; y[6] ;
; N/A   ; None              ; 9.014 ns        ; a[1] ; y[6] ;
; N/A   ; None              ; 8.943 ns        ; a[2] ; y[6] ;
; N/A   ; None              ; 8.897 ns        ; a[0] ; y[1] ;
; N/A   ; None              ; 8.831 ns        ; a[1] ; y[1] ;
; N/A   ; None              ; 8.762 ns        ; a[2] ; y[1] ;
; N/A   ; None              ; 8.734 ns        ; a[0] ; y[0] ;
; N/A   ; None              ; 8.670 ns        ; a[1] ; y[0] ;
; N/A   ; None              ; 8.601 ns        ; a[2] ; y[0] ;
; N/A   ; None              ; 7.797 ns        ; a[0] ; y[3] ;
; N/A   ; None              ; 7.731 ns        ; a[1] ; y[3] ;
; N/A   ; None              ; 7.659 ns        ; a[2] ; y[3] ;
+-------+-------------------+-----------------+------+------+


+--------------------------+
; Timing Analyzer Messages ;
+--------------------------+
Info: *******************************************************************
Info: Running Quartus II Classic Timing Analyzer
    Info: Version 9.0 Build 235 06/17/2009 Service Pack 2 SJ Web Edition
    Info: Processing started: Tue Nov 06 00:08:15 2018
Info: Command: quartus_tan --read_settings_files=off --write_settings_files=off decoder_3_8 -c decoder_3_8 --timing_analysis_only
Info: Longest tpd from source pin "a[0]" to destination pin "y[4]" is 9.713 ns
    Info: 1: + IC(0.000 ns) + CELL(0.819 ns) = 0.819 ns; Loc. = PIN_B13; Fanout = 8; PIN Node = 'a[0]'
    Info: 2: + IC(4.249 ns) + CELL(0.053 ns) = 5.121 ns; Loc. = LCCOMB_X26_Y23_N24; Fanout = 1; COMB Node = 'Mux7~4'
    Info: 3: + IC(2.630 ns) + CELL(1.962 ns) = 9.713 ns; Loc. = PIN_Y13; Fanout = 0; PIN Node = 'y[4]'
    Info: Total cell delay = 2.834 ns ( 29.18 % )
    Info: Total interconnect delay = 6.879 ns ( 70.82 % )
Info: Quartus II Classic Timing Analyzer was successful. 0 errors, 0 warnings
    Info: Peak virtual memory: 217 megabytes
    Info: Processing ended: Tue Nov 06 00:08:15 2018
    Info: Elapsed time: 00:00:00
    Info: Total CPU time (on all processors): 00:00:00


