Classic Timing Analyzer report for mux_3
Tue Dec 11 18:11:17 2018
Quartus II Version 9.0 Build 235 06/17/2009 Service Pack 2 SJ Web Edition


---------------------
; Table of Contents ;
---------------------
  1. Legal Notice
  2. Timing Analyzer Summary
  3. Timing Analyzer Settings
  4. Parallel Compilation
  5. tpd
  6. Timing Analyzer Messages



----------------
; Legal Notice ;
----------------
Copyright (C) 1991-2009 Altera Corporation
Your use of Altera Corporation's design tools, logic functions 
and other software and tools, and its AMPP partner logic 
functions, and any output files from any of the foregoing 
(including device programming or simulation files), and any 
associated documentation or information are expressly subject 
to the terms and conditions of the Altera Program License 
Subscription Agreement, Altera MegaCore Function License 
Agreement, or other applicable license agreement, including, 
without limitation, that your use is for the sole purpose of 
programming logic devices manufactured by Altera and sold by 
Altera or its authorized distributors.  Please refer to the 
applicable agreement for further details.



+--------------------------------------------------------------------------------------------------------------------------+
; Timing Analyzer Summary                                                                                                  ;
+------------------------------+-------+---------------+-------------+-------+------+------------+----------+--------------+
; Type                         ; Slack ; Required Time ; Actual Time ; From  ; To   ; From Clock ; To Clock ; Failed Paths ;
+------------------------------+-------+---------------+-------------+-------+------+------------+----------+--------------+
; Worst-case tpd               ; N/A   ; None          ; 10.714 ns   ; en[0] ; y[0] ; --         ; --       ; 0            ;
; Total number of failed paths ;       ;               ;             ;       ;      ;            ;          ; 0            ;
+------------------------------+-------+---------------+-------------+-------+------+------------+----------+--------------+


+--------------------------------------------------------------------------------------------------------------------+
; Timing Analyzer Settings                                                                                           ;
+---------------------------------------------------------------------+--------------------+------+----+-------------+
; Option                                                              ; Setting            ; From ; To ; Entity Name ;
+---------------------------------------------------------------------+--------------------+------+----+-------------+
; Device Name                                                         ; EP2S15F484C3       ;      ;    ;             ;
; Timing Models                                                       ; Final              ;      ;    ;             ;
; Default hold multicycle                                             ; Same as Multicycle ;      ;    ;             ;
; Cut paths between unrelated clock domains                           ; On                 ;      ;    ;             ;
; Cut off read during write signal paths                              ; On                 ;      ;    ;             ;
; Cut off feedback from I/O pins                                      ; On                 ;      ;    ;             ;
; Report Combined Fast/Slow Timing                                    ; Off                ;      ;    ;             ;
; Ignore Clock Settings                                               ; Off                ;      ;    ;             ;
; Analyze latches as synchronous elements                             ; On                 ;      ;    ;             ;
; Enable Recovery/Removal analysis                                    ; Off                ;      ;    ;             ;
; Enable Clock Latency                                                ; Off                ;      ;    ;             ;
; Use TimeQuest Timing Analyzer                                       ; Off                ;      ;    ;             ;
; Number of source nodes to report per destination node               ; 10                 ;      ;    ;             ;
; Number of destination nodes to report                               ; 10                 ;      ;    ;             ;
; Number of paths to report                                           ; 200                ;      ;    ;             ;
; Report Minimum Timing Checks                                        ; Off                ;      ;    ;             ;
; Use Fast Timing Models                                              ; Off                ;      ;    ;             ;
; Report IO Paths Separately                                          ; Off                ;      ;    ;             ;
; Perform Multicorner Analysis                                        ; On                 ;      ;    ;             ;
; Reports the worst-case path for each clock domain and analysis      ; Off                ;      ;    ;             ;
; Removes common clock path pessimism (CCPP) during slack computation ; Off                ;      ;    ;             ;
; Output I/O Timing Endpoint                                          ; Near End           ;      ;    ;             ;
+---------------------------------------------------------------------+--------------------+------+----+-------------+


Parallel compilation was disabled, but you have multiple processors available. Enable parallel compilation to reduce compilation time.
+-------------------------------------+
; Parallel Compilation                ;
+----------------------------+--------+
; Processors                 ; Number ;
+----------------------------+--------+
; Number detected on machine ; 2      ;
; Maximum allowed            ; 1      ;
+----------------------------+--------+


+------------------------------------------------------------+
; tpd                                                        ;
+-------+-------------------+-----------------+-------+------+
; Slack ; Required P2P Time ; Actual P2P Time ; From  ; To   ;
+-------+-------------------+-----------------+-------+------+
; N/A   ; None              ; 10.714 ns       ; en[0] ; y[0] ;
; N/A   ; None              ; 10.328 ns       ; en[1] ; y[0] ;
; N/A   ; None              ; 10.205 ns       ; s1[0] ; y[0] ;
; N/A   ; None              ; 10.131 ns       ; en[0] ; y[4] ;
; N/A   ; None              ; 10.081 ns       ; en[0] ; y[5] ;
; N/A   ; None              ; 9.946 ns        ; en[0] ; y[6] ;
; N/A   ; None              ; 9.921 ns        ; s2[0] ; y[0] ;
; N/A   ; None              ; 9.855 ns        ; s0[0] ; y[0] ;
; N/A   ; None              ; 9.747 ns        ; en[1] ; y[4] ;
; N/A   ; None              ; 9.739 ns        ; s1[6] ; y[6] ;
; N/A   ; None              ; 9.695 ns        ; en[1] ; y[5] ;
; N/A   ; None              ; 9.648 ns        ; s1[7] ; y[7] ;
; N/A   ; None              ; 9.603 ns        ; s1[4] ; y[4] ;
; N/A   ; None              ; 9.574 ns        ; en[0] ; y[7] ;
; N/A   ; None              ; 9.560 ns        ; en[1] ; y[6] ;
; N/A   ; None              ; 9.545 ns        ; en[1] ; y[7] ;
; N/A   ; None              ; 9.541 ns        ; s2[5] ; y[5] ;
; N/A   ; None              ; 9.474 ns        ; s2[4] ; y[4] ;
; N/A   ; None              ; 9.456 ns        ; en[0] ; y[1] ;
; N/A   ; None              ; 9.424 ns        ; s0[7] ; y[7] ;
; N/A   ; None              ; 9.408 ns        ; s2[7] ; y[7] ;
; N/A   ; None              ; 9.332 ns        ; en[0] ; y[3] ;
; N/A   ; None              ; 9.322 ns        ; s1[5] ; y[5] ;
; N/A   ; None              ; 9.322 ns        ; s0[4] ; y[4] ;
; N/A   ; None              ; 9.304 ns        ; s0[5] ; y[5] ;
; N/A   ; None              ; 9.265 ns        ; s0[6] ; y[6] ;
; N/A   ; None              ; 9.238 ns        ; s2[6] ; y[6] ;
; N/A   ; None              ; 9.189 ns        ; en[0] ; y[2] ;
; N/A   ; None              ; 9.070 ns        ; en[1] ; y[1] ;
; N/A   ; None              ; 8.946 ns        ; en[1] ; y[3] ;
; N/A   ; None              ; 8.922 ns        ; s1[1] ; y[1] ;
; N/A   ; None              ; 8.833 ns        ; s2[3] ; y[3] ;
; N/A   ; None              ; 8.803 ns        ; en[1] ; y[2] ;
; N/A   ; None              ; 8.759 ns        ; s1[3] ; y[3] ;
; N/A   ; None              ; 8.718 ns        ; s2[2] ; y[2] ;
; N/A   ; None              ; 8.718 ns        ; s2[1] ; y[1] ;
; N/A   ; None              ; 8.690 ns        ; s0[3] ; y[3] ;
; N/A   ; None              ; 8.670 ns        ; s0[1] ; y[1] ;
; N/A   ; None              ; 8.664 ns        ; s0[2] ; y[2] ;
; N/A   ; None              ; 8.105 ns        ; s1[2] ; y[2] ;
+-------+-------------------+-----------------+-------+------+


+--------------------------+
; Timing Analyzer Messages ;
+--------------------------+
Info: *******************************************************************
Info: Running Quartus II Classic Timing Analyzer
    Info: Version 9.0 Build 235 06/17/2009 Service Pack 2 SJ Web Edition
    Info: Processing started: Tue Dec 11 18:11:16 2018
Info: Command: quartus_tan --read_settings_files=off --write_settings_files=off mux_3 -c mux_3 --timing_analysis_only
Info: Longest tpd from source pin "en[0]" to destination pin "y[0]" is 10.714 ns
    Info: 1: + IC(0.000 ns) + CELL(0.857 ns) = 0.857 ns; Loc. = PIN_C18; Fanout = 9; PIN Node = 'en[0]'
    Info: 2: + IC(4.633 ns) + CELL(0.346 ns) = 5.836 ns; Loc. = LCCOMB_X11_Y6_N16; Fanout = 1; COMB Node = 'three_state_gate:g2|out0[0]~16'
    Info: 3: + IC(2.734 ns) + CELL(2.144 ns) = 10.714 ns; Loc. = PIN_L2; Fanout = 0; PIN Node = 'y[0]'
    Info: Total cell delay = 3.347 ns ( 31.24 % )
    Info: Total interconnect delay = 7.367 ns ( 68.76 % )
Info: Quartus II Classic Timing Analyzer was successful. 0 errors, 0 warnings
    Info: Peak virtual memory: 217 megabytes
    Info: Processing ended: Tue Dec 11 18:11:17 2018
    Info: Elapsed time: 00:00:01
    Info: Total CPU time (on all processors): 00:00:00


