Classic Timing Analyzer report for serial_adder
Sat Dec 01 16:14:46 2018
Quartus II Version 9.0 Build 235 06/17/2009 Service Pack 2 SJ Web Edition


---------------------
; Table of Contents ;
---------------------
  1. Legal Notice
  2. Timing Analyzer Summary
  3. Timing Analyzer Settings
  4. Clock Settings Summary
  5. Parallel Compilation
  6. Clock Setup: 'c'
  7. tsu
  8. tco
  9. th
 10. Timing Analyzer Messages



----------------
; Legal Notice ;
----------------
Copyright (C) 1991-2009 Altera Corporation
Your use of Altera Corporation's design tools, logic functions 
and other software and tools, and its AMPP partner logic 
functions, and any output files from any of the foregoing 
(including device programming or simulation files), and any 
associated documentation or information are expressly subject 
to the terms and conditions of the Altera Program License 
Subscription Agreement, Altera MegaCore Function License 
Agreement, or other applicable license agreement, including, 
without limitation, that your use is for the sole purpose of 
programming logic devices manufactured by Altera and sold by 
Altera or its authorized distributors.  Please refer to the 
applicable agreement for further details.



+----------------------------------------------------------------------------------------------------------------------------------------------------------------------------------------+
; Timing Analyzer Summary                                                                                                                                                                ;
+------------------------------+-------+---------------+------------------------------------------------+--------------------+--------------------+------------+----------+--------------+
; Type                         ; Slack ; Required Time ; Actual Time                                    ; From               ; To                 ; From Clock ; To Clock ; Failed Paths ;
+------------------------------+-------+---------------+------------------------------------------------+--------------------+--------------------+------------+----------+--------------+
; Worst-case tsu               ; N/A   ; None          ; 3.304 ns                                       ; si                 ; srg4:inst6|data[3] ; --         ; c        ; 0            ;
; Worst-case tco               ; N/A   ; None          ; 6.554 ns                                       ; srg4:inst5|data[2] ; a2                 ; c          ; --       ; 0            ;
; Worst-case th                ; N/A   ; None          ; -3.065 ns                                      ; si                 ; srg4:inst6|data[3] ; --         ; c        ; 0            ;
; Clock Setup: 'c'             ; N/A   ; None          ; Restricted to 500.00 MHz ( period = 2.000 ns ) ; srg4:inst5|data[0] ; srg4:inst5|data[3] ; c          ; c        ; 0            ;
; Total number of failed paths ;       ;               ;                                                ;                    ;                    ;            ;          ; 0            ;
+------------------------------+-------+---------------+------------------------------------------------+--------------------+--------------------+------------+----------+--------------+


+--------------------------------------------------------------------------------------------------------------------+
; Timing Analyzer Settings                                                                                           ;
+---------------------------------------------------------------------+--------------------+------+----+-------------+
; Option                                                              ; Setting            ; From ; To ; Entity Name ;
+---------------------------------------------------------------------+--------------------+------+----+-------------+
; Device Name                                                         ; EP2S15F484C3       ;      ;    ;             ;
; Timing Models                                                       ; Final              ;      ;    ;             ;
; Default hold multicycle                                             ; Same as Multicycle ;      ;    ;             ;
; Cut paths between unrelated clock domains                           ; On                 ;      ;    ;             ;
; Cut off read during write signal paths                              ; On                 ;      ;    ;             ;
; Cut off feedback from I/O pins                                      ; On                 ;      ;    ;             ;
; Report Combined Fast/Slow Timing                                    ; Off                ;      ;    ;             ;
; Ignore Clock Settings                                               ; Off                ;      ;    ;             ;
; Analyze latches as synchronous elements                             ; On                 ;      ;    ;             ;
; Enable Recovery/Removal analysis                                    ; Off                ;      ;    ;             ;
; Enable Clock Latency                                                ; Off                ;      ;    ;             ;
; Use TimeQuest Timing Analyzer                                       ; Off                ;      ;    ;             ;
; Number of source nodes to report per destination node               ; 10                 ;      ;    ;             ;
; Number of destination nodes to report                               ; 10                 ;      ;    ;             ;
; Number of paths to report                                           ; 200                ;      ;    ;             ;
; Report Minimum Timing Checks                                        ; Off                ;      ;    ;             ;
; Use Fast Timing Models                                              ; Off                ;      ;    ;             ;
; Report IO Paths Separately                                          ; Off                ;      ;    ;             ;
; Perform Multicorner Analysis                                        ; On                 ;      ;    ;             ;
; Reports the worst-case path for each clock domain and analysis      ; Off                ;      ;    ;             ;
; Removes common clock path pessimism (CCPP) during slack computation ; Off                ;      ;    ;             ;
; Output I/O Timing Endpoint                                          ; Near End           ;      ;    ;             ;
+---------------------------------------------------------------------+--------------------+------+----+-------------+


+------------------------------------------------------------------------------------------------------------------------------------------------------------------------------------+
; Clock Settings Summary                                                                                                                                                             ;
+-----------------+--------------------+----------+------------------+---------------+--------------+----------+-----------------------+---------------------+--------+--------------+
; Clock Node Name ; Clock Setting Name ; Type     ; Fmax Requirement ; Early Latency ; Late Latency ; Based on ; Multiply Base Fmax by ; Divide Base Fmax by ; Offset ; Phase offset ;
+-----------------+--------------------+----------+------------------+---------------+--------------+----------+-----------------------+---------------------+--------+--------------+
; c               ;                    ; User Pin ; None             ; 0.000 ns      ; 0.000 ns     ; --       ; N/A                   ; N/A                 ; N/A    ;              ;
+-----------------+--------------------+----------+------------------+---------------+--------------+----------+-----------------------+---------------------+--------+--------------+


Parallel compilation was disabled, but you have multiple processors available. Enable parallel compilation to reduce compilation time.
+-------------------------------------+
; Parallel Compilation                ;
+----------------------------+--------+
; Processors                 ; Number ;
+----------------------------+--------+
; Number detected on machine ; 2      ;
; Maximum allowed            ; 1      ;
+----------------------------+--------+


+--------------------------------------------------------------------------------------------------------------------------------------------------------------------------------------------------------------+
; Clock Setup: 'c'                                                                                                                                                                                             ;
+-------+------------------------------------------------+--------------------+--------------------+------------+----------+-----------------------------+---------------------------+-------------------------+
; Slack ; Actual fmax (period)                           ; From               ; To                 ; From Clock ; To Clock ; Required Setup Relationship ; Required Longest P2P Time ; Actual Longest P2P Time ;
+-------+------------------------------------------------+--------------------+--------------------+------------+----------+-----------------------------+---------------------------+-------------------------+
; N/A   ; Restricted to 500.00 MHz ( period = 2.000 ns ) ; srg4:inst5|data[0] ; srg4:inst5|data[3] ; c          ; c        ; None                        ; None                      ; 0.735 ns                ;
; N/A   ; Restricted to 500.00 MHz ( period = 2.000 ns ) ; srg4:inst6|data[0] ; mydff:inst8|q      ; c          ; c        ; None                        ; None                      ; 0.639 ns                ;
; N/A   ; Restricted to 500.00 MHz ( period = 2.000 ns ) ; srg4:inst6|data[0] ; srg4:inst5|data[3] ; c          ; c        ; None                        ; None                      ; 0.605 ns                ;
; N/A   ; Restricted to 500.00 MHz ( period = 2.000 ns ) ; srg4:inst5|data[3] ; srg4:inst5|data[2] ; c          ; c        ; None                        ; None                      ; 0.529 ns                ;
; N/A   ; Restricted to 500.00 MHz ( period = 2.000 ns ) ; srg4:inst6|data[1] ; srg4:inst6|data[0] ; c          ; c        ; None                        ; None                      ; 0.528 ns                ;
; N/A   ; Restricted to 500.00 MHz ( period = 2.000 ns ) ; srg4:inst5|data[1] ; srg4:inst5|data[0] ; c          ; c        ; None                        ; None                      ; 0.521 ns                ;
; N/A   ; Restricted to 500.00 MHz ( period = 2.000 ns ) ; mydff:inst8|q      ; mydff:inst8|q      ; c          ; c        ; None                        ; None                      ; 0.488 ns                ;
; N/A   ; Restricted to 500.00 MHz ( period = 2.000 ns ) ; srg4:inst5|data[0] ; mydff:inst8|q      ; c          ; c        ; None                        ; None                      ; 0.430 ns                ;
; N/A   ; Restricted to 500.00 MHz ( period = 2.000 ns ) ; srg4:inst5|data[2] ; srg4:inst5|data[1] ; c          ; c        ; None                        ; None                      ; 0.424 ns                ;
; N/A   ; Restricted to 500.00 MHz ( period = 2.000 ns ) ; srg4:inst6|data[3] ; srg4:inst6|data[2] ; c          ; c        ; None                        ; None                      ; 0.419 ns                ;
; N/A   ; Restricted to 500.00 MHz ( period = 2.000 ns ) ; srg4:inst6|data[2] ; srg4:inst6|data[1] ; c          ; c        ; None                        ; None                      ; 0.416 ns                ;
; N/A   ; Restricted to 500.00 MHz ( period = 2.000 ns ) ; mydff:inst8|q      ; srg4:inst5|data[3] ; c          ; c        ; None                        ; None                      ; 0.410 ns                ;
+-------+------------------------------------------------+--------------------+--------------------+------------+----------+-----------------------------+---------------------------+-------------------------+


+--------------------------------------------------------------------------+
; tsu                                                                      ;
+-------+--------------+------------+------+--------------------+----------+
; Slack ; Required tsu ; Actual tsu ; From ; To                 ; To Clock ;
+-------+--------------+------------+------+--------------------+----------+
; N/A   ; None         ; 3.304 ns   ; si   ; srg4:inst6|data[3] ; c        ;
+-------+--------------+------------+------+--------------------+----------+


+--------------------------------------------------------------------------+
; tco                                                                      ;
+-------+--------------+------------+--------------------+----+------------+
; Slack ; Required tco ; Actual tco ; From               ; To ; From Clock ;
+-------+--------------+------------+--------------------+----+------------+
; N/A   ; None         ; 6.554 ns   ; srg4:inst5|data[2] ; a2 ; c          ;
; N/A   ; None         ; 5.943 ns   ; srg4:inst5|data[1] ; a1 ; c          ;
; N/A   ; None         ; 5.672 ns   ; srg4:inst5|data[0] ; a0 ; c          ;
; N/A   ; None         ; 5.637 ns   ; srg4:inst6|data[2] ; a6 ; c          ;
; N/A   ; None         ; 5.593 ns   ; srg4:inst6|data[1] ; a5 ; c          ;
; N/A   ; None         ; 5.578 ns   ; srg4:inst5|data[3] ; a3 ; c          ;
; N/A   ; None         ; 5.335 ns   ; srg4:inst6|data[3] ; a7 ; c          ;
; N/A   ; None         ; 5.303 ns   ; srg4:inst6|data[0] ; a4 ; c          ;
+-------+--------------+------------+--------------------+----+------------+


+--------------------------------------------------------------------------------+
; th                                                                             ;
+---------------+-------------+-----------+------+--------------------+----------+
; Minimum Slack ; Required th ; Actual th ; From ; To                 ; To Clock ;
+---------------+-------------+-----------+------+--------------------+----------+
; N/A           ; None        ; -3.065 ns ; si   ; srg4:inst6|data[3] ; c        ;
+---------------+-------------+-----------+------+--------------------+----------+


+--------------------------+
; Timing Analyzer Messages ;
+--------------------------+
Info: *******************************************************************
Info: Running Quartus II Classic Timing Analyzer
    Info: Version 9.0 Build 235 06/17/2009 Service Pack 2 SJ Web Edition
    Info: Processing started: Sat Dec 01 16:14:46 2018
Info: Command: quartus_tan --read_settings_files=off --write_settings_files=off serial_adder -c serial_adder --timing_analysis_only
Warning: Found pins functioning as undefined clocks and/or memory enables
    Info: Assuming node "c" is an undefined clock
Info: Clock "c" Internal fmax is restricted to 500.0 MHz between source register "srg4:inst5|data[0]" and destination register "srg4:inst5|data[3]"
    Info: fmax restricted to clock pin edge rate 2.0 ns. Expand message to see actual delay path.
        Info: + Longest register to register delay is 0.735 ns
            Info: 1: + IC(0.000 ns) + CELL(0.000 ns) = 0.000 ns; Loc. = LCFF_X34_Y5_N1; Fanout = 3; REG Node = 'srg4:inst5|data[0]'
            Info: 2: + IC(0.352 ns) + CELL(0.228 ns) = 0.580 ns; Loc. = LCCOMB_X34_Y5_N24; Fanout = 1; COMB Node = 'full_adder:inst|half_adder:g1|s~3'
            Info: 3: + IC(0.000 ns) + CELL(0.155 ns) = 0.735 ns; Loc. = LCFF_X34_Y5_N25; Fanout = 2; REG Node = 'srg4:inst5|data[3]'
            Info: Total cell delay = 0.383 ns ( 52.11 % )
            Info: Total interconnect delay = 0.352 ns ( 47.89 % )
        Info: - Smallest clock skew is 0.000 ns
            Info: + Shortest clock path from clock "c" to destination register is 2.487 ns
                Info: 1: + IC(0.000 ns) + CELL(0.854 ns) = 0.854 ns; Loc. = PIN_N20; Fanout = 1; CLK Node = 'c'
                Info: 2: + IC(0.343 ns) + CELL(0.000 ns) = 1.197 ns; Loc. = CLKCTRL_G3; Fanout = 9; COMB Node = 'c~clkctrl'
                Info: 3: + IC(0.672 ns) + CELL(0.618 ns) = 2.487 ns; Loc. = LCFF_X34_Y5_N25; Fanout = 2; REG Node = 'srg4:inst5|data[3]'
                Info: Total cell delay = 1.472 ns ( 59.19 % )
                Info: Total interconnect delay = 1.015 ns ( 40.81 % )
            Info: - Longest clock path from clock "c" to source register is 2.487 ns
                Info: 1: + IC(0.000 ns) + CELL(0.854 ns) = 0.854 ns; Loc. = PIN_N20; Fanout = 1; CLK Node = 'c'
                Info: 2: + IC(0.343 ns) + CELL(0.000 ns) = 1.197 ns; Loc. = CLKCTRL_G3; Fanout = 9; COMB Node = 'c~clkctrl'
                Info: 3: + IC(0.672 ns) + CELL(0.618 ns) = 2.487 ns; Loc. = LCFF_X34_Y5_N1; Fanout = 3; REG Node = 'srg4:inst5|data[0]'
                Info: Total cell delay = 1.472 ns ( 59.19 % )
                Info: Total interconnect delay = 1.015 ns ( 40.81 % )
        Info: + Micro clock to output delay of source is 0.094 ns
        Info: + Micro setup delay of destination is 0.090 ns
Info: tsu for register "srg4:inst6|data[3]" (data pin = "si", clock pin = "c") is 3.304 ns
    Info: + Longest pin to register delay is 5.701 ns
        Info: 1: + IC(0.000 ns) + CELL(0.827 ns) = 0.827 ns; Loc. = PIN_E8; Fanout = 1; PIN Node = 'si'
        Info: 2: + IC(4.565 ns) + CELL(0.309 ns) = 5.701 ns; Loc. = LCFF_X34_Y5_N17; Fanout = 2; REG Node = 'srg4:inst6|data[3]'
        Info: Total cell delay = 1.136 ns ( 19.93 % )
        Info: Total interconnect delay = 4.565 ns ( 80.07 % )
    Info: + Micro setup delay of destination is 0.090 ns
    Info: - Shortest clock path from clock "c" to destination register is 2.487 ns
        Info: 1: + IC(0.000 ns) + CELL(0.854 ns) = 0.854 ns; Loc. = PIN_N20; Fanout = 1; CLK Node = 'c'
        Info: 2: + IC(0.343 ns) + CELL(0.000 ns) = 1.197 ns; Loc. = CLKCTRL_G3; Fanout = 9; COMB Node = 'c~clkctrl'
        Info: 3: + IC(0.672 ns) + CELL(0.618 ns) = 2.487 ns; Loc. = LCFF_X34_Y5_N17; Fanout = 2; REG Node = 'srg4:inst6|data[3]'
        Info: Total cell delay = 1.472 ns ( 59.19 % )
        Info: Total interconnect delay = 1.015 ns ( 40.81 % )
Info: tco from clock "c" to destination pin "a2" through register "srg4:inst5|data[2]" is 6.554 ns
    Info: + Longest clock path from clock "c" to source register is 2.487 ns
        Info: 1: + IC(0.000 ns) + CELL(0.854 ns) = 0.854 ns; Loc. = PIN_N20; Fanout = 1; CLK Node = 'c'
        Info: 2: + IC(0.343 ns) + CELL(0.000 ns) = 1.197 ns; Loc. = CLKCTRL_G3; Fanout = 9; COMB Node = 'c~clkctrl'
        Info: 3: + IC(0.672 ns) + CELL(0.618 ns) = 2.487 ns; Loc. = LCFF_X34_Y5_N21; Fanout = 2; REG Node = 'srg4:inst5|data[2]'
        Info: Total cell delay = 1.472 ns ( 59.19 % )
        Info: Total interconnect delay = 1.015 ns ( 40.81 % )
    Info: + Micro clock to output delay of source is 0.094 ns
    Info: + Longest register to pin delay is 3.973 ns
        Info: 1: + IC(0.000 ns) + CELL(0.000 ns) = 0.000 ns; Loc. = LCFF_X34_Y5_N21; Fanout = 2; REG Node = 'srg4:inst5|data[2]'
        Info: 2: + IC(2.041 ns) + CELL(1.932 ns) = 3.973 ns; Loc. = PIN_H9; Fanout = 0; PIN Node = 'a2'
        Info: Total cell delay = 1.932 ns ( 48.63 % )
        Info: Total interconnect delay = 2.041 ns ( 51.37 % )
Info: th for register "srg4:inst6|data[3]" (data pin = "si", clock pin = "c") is -3.065 ns
    Info: + Longest clock path from clock "c" to destination register is 2.487 ns
        Info: 1: + IC(0.000 ns) + CELL(0.854 ns) = 0.854 ns; Loc. = PIN_N20; Fanout = 1; CLK Node = 'c'
        Info: 2: + IC(0.343 ns) + CELL(0.000 ns) = 1.197 ns; Loc. = CLKCTRL_G3; Fanout = 9; COMB Node = 'c~clkctrl'
        Info: 3: + IC(0.672 ns) + CELL(0.618 ns) = 2.487 ns; Loc. = LCFF_X34_Y5_N17; Fanout = 2; REG Node = 'srg4:inst6|data[3]'
        Info: Total cell delay = 1.472 ns ( 59.19 % )
        Info: Total interconnect delay = 1.015 ns ( 40.81 % )
    Info: + Micro hold delay of destination is 0.149 ns
    Info: - Shortest pin to register delay is 5.701 ns
        Info: 1: + IC(0.000 ns) + CELL(0.827 ns) = 0.827 ns; Loc. = PIN_E8; Fanout = 1; PIN Node = 'si'
        Info: 2: + IC(4.565 ns) + CELL(0.309 ns) = 5.701 ns; Loc. = LCFF_X34_Y5_N17; Fanout = 2; REG Node = 'srg4:inst6|data[3]'
        Info: Total cell delay = 1.136 ns ( 19.93 % )
        Info: Total interconnect delay = 4.565 ns ( 80.07 % )
Info: Quartus II Classic Timing Analyzer was successful. 0 errors, 1 warning
    Info: Peak virtual memory: 217 megabytes
    Info: Processing ended: Sat Dec 01 16:14:46 2018
    Info: Elapsed time: 00:00:00
    Info: Total CPU time (on all processors): 00:00:00


